#
# There is insufficient memory for the Java Runtime Environment to continue.
# Native memory allocation (malloc) failed to allocate 131088 bytes for Chunk::new
# Possible reasons:
#   The system is out of physical RAM or swap space
#   The process is running with CompressedOops enabled, and the Java Heap may be blocking the growth of the native heap
# Possible solutions:
#   Reduce memory load on the system
#   Increase physical memory or swap space
#   Check if swap backing store is full
#   Decrease Java heap size (-Xmx/-Xms)
#   Decrease number of Java threads
#   Decrease Java thread stack sizes (-Xss)
#   Set larger code cache with -XX:ReservedCodeCacheSize=
#   JVM is running with Unscaled Compressed Oops mode in which the Java heap is
#     placed in the first 4GB address space. The Java Heap base address is the
#     maximum limit for the native heap growth. Please use -XX:HeapBaseMinAddress
#     to set the Java Heap base and to place the Java Heap above 4GB virtual address.
# This output file may be truncated or incomplete.
#
#  Out of Memory Error (arena.cpp:189), pid=82108, tid=58104
#
# JRE version: Java(TM) SE Runtime Environment (17.0.4+11) (build 17.0.4+11-LTS-179)
# Java VM: Java HotSpot(TM) 64-Bit Server VM (17.0.4+11-LTS-179, mixed mode, sharing, tiered, compressed oops, compressed class ptrs, g1 gc, windows-amd64)
# No core dump will be written. Minidumps are not enabled by default on client versions of Windows
#

---------------  S U M M A R Y ------------

Command Line: com.portfolioweb.eib.EibApplication

Host: Intel(R) Core(TM) i5-6400 CPU @ 2.70GHz, 4 cores, 7G,  Windows 10 , 64 bit Build 19041 (10.0.19041.1348)
Time: Sat Oct 15 18:00:59 2022 Argentina Standard Time elapsed time: 13.424325 seconds (0d 0h 0m 13s)

---------------  T H R E A D  ---------------

Current thread (0x0000023a622d3650):  JavaThread "C2 CompilerThread0" daemon [_thread_in_native, id=58104, stack(0x0000009bc1300000,0x0000009bc1400000)]


Current CompileTask:
C2:  13424 5013       4       org.springframework.core.annotation.AnnotationsScanner::scan (18 bytes)

Stack: [0x0000009bc1300000,0x0000009bc1400000]
Native frames: (J=compiled Java code, j=interpreted, Vv=VM code, C=native code)
V  [jvm.dll+0x6723da]
V  [jvm.dll+0x7d1f74]
V  [jvm.dll+0x7d371e]
V  [jvm.dll+0x7d3d83]
V  [jvm.dll+0x242ed5]
V  [jvm.dll+0xaa57b]
V  [jvm.dll+0xaab0c]
V  [jvm.dll+0xaa68b]
V  [jvm.dll+0x650bdc]
V  [jvm.dll+0x58690a]
V  [jvm.dll+0x56e86d]
V  [jvm.dll+0x56e6ad]
V  [jvm.dll+0x57adb9]
V  [jvm.dll+0x21e1b2]
V  [jvm.dll+0x2176af]
V  [jvm.dll+0x21530b]
V  [jvm.dll+0x1a1fcd]
V  [jvm.dll+0x224c78]
V  [jvm.dll+0x222de5]
V  [jvm.dll+0x787a5b]
V  [jvm.dll+0x78201a]
V  [jvm.dll+0x671265]
C  [ucrtbase.dll+0x21bb2]
C  [KERNEL32.DLL+0x17034]
C  [ntdll.dll+0x52651]


---------------  P R O C E S S  ---------------

Threads class SMR info:
_java_thread_list=0x0000023a67760110, length=31, elements={
0x0000023a622b5850, 0x0000023a622b66c0, 0x0000023a622c9d70, 0x0000023a622cd840,
0x0000023a622ce800, 0x0000023a622cf3c0, 0x0000023a622d3650, 0x0000023a622dc100,
0x0000023a622e8b10, 0x0000023a62dc1bc0, 0x0000023a62dcc050, 0x0000023a65a25300,
0x0000023a65a24e30, 0x0000023a65a257d0, 0x0000023a65a23af0, 0x0000023a65a24490,
0x0000023a65a23fc0, 0x0000023a65a22c80, 0x0000023a65a23150, 0x0000023a65a26170,
0x0000023a65a23620, 0x0000023a678989a0, 0x0000023a678937d0, 0x0000023a67897b30,
0x0000023a67899340, 0x0000023a67895e50, 0x0000023a6789a680, 0x0000023a67895980,
0x0000023a67894170, 0x0000023a67896320, 0x0000023a67898000
}

Java Threads: ( => current thread )
  0x0000023a622b5850 JavaThread "Reference Handler" daemon [_thread_blocked, id=85988, stack(0x0000009bc0d00000,0x0000009bc0e00000)]
  0x0000023a622b66c0 JavaThread "Finalizer" daemon [_thread_blocked, id=110476, stack(0x0000009bc0e00000,0x0000009bc0f00000)]
  0x0000023a622c9d70 JavaThread "Signal Dispatcher" daemon [_thread_blocked, id=79076, stack(0x0000009bc0f00000,0x0000009bc1000000)]
  0x0000023a622cd840 JavaThread "Attach Listener" daemon [_thread_blocked, id=104460, stack(0x0000009bc1000000,0x0000009bc1100000)]
  0x0000023a622ce800 JavaThread "Service Thread" daemon [_thread_blocked, id=105556, stack(0x0000009bc1100000,0x0000009bc1200000)]
  0x0000023a622cf3c0 JavaThread "Monitor Deflation Thread" daemon [_thread_blocked, id=101008, stack(0x0000009bc1200000,0x0000009bc1300000)]
=>0x0000023a622d3650 JavaThread "C2 CompilerThread0" daemon [_thread_in_native, id=58104, stack(0x0000009bc1300000,0x0000009bc1400000)]
  0x0000023a622dc100 JavaThread "C1 CompilerThread0" daemon [_thread_blocked, id=72000, stack(0x0000009bc1400000,0x0000009bc1500000)]
  0x0000023a622e8b10 JavaThread "Sweeper thread" daemon [_thread_blocked, id=100616, stack(0x0000009bc1500000,0x0000009bc1600000)]
  0x0000023a62dc1bc0 JavaThread "Notification Thread" daemon [_thread_blocked, id=90888, stack(0x0000009bc1600000,0x0000009bc1700000)]
  0x0000023a62dcc050 JavaThread "Common-Cleaner" daemon [_thread_blocked, id=105292, stack(0x0000009bc1800000,0x0000009bc1900000)]
  0x0000023a65a25300 JavaThread "mysql-cj-abandoned-connection-cleanup" daemon [_thread_blocked, id=101836, stack(0x0000009bc1f00000,0x0000009bc2000000)]
  0x0000023a65a24e30 JavaThread "HikariPool-1 housekeeper" daemon [_thread_blocked, id=99584, stack(0x0000009bc2100000,0x0000009bc2200000)]
  0x0000023a65a257d0 JavaThread "Catalina-utility-1" [_thread_blocked, id=101392, stack(0x0000009bc2300000,0x0000009bc2400000)]
  0x0000023a65a23af0 JavaThread "Catalina-utility-2" [_thread_blocked, id=22212, stack(0x0000009bc2400000,0x0000009bc2500000)]
  0x0000023a65a24490 JavaThread "container-0" [_thread_blocked, id=108428, stack(0x0000009bc2500000,0x0000009bc2600000)]
  0x0000023a65a23fc0 JavaThread "File Watcher" daemon [_thread_blocked, id=97440, stack(0x0000009bc2600000,0x0000009bc2700000)]
  0x0000023a65a22c80 JavaThread "Live Reload Server" daemon [_thread_in_native, id=8272, stack(0x0000009bc2800000,0x0000009bc2900000)]
  0x0000023a65a23150 JavaThread "http-nio-8080-exec-1" daemon [_thread_blocked, id=13268, stack(0x0000009bc2700000,0x0000009bc2800000)]
  0x0000023a65a26170 JavaThread "http-nio-8080-exec-2" daemon [_thread_blocked, id=104748, stack(0x0000009bc2900000,0x0000009bc2a00000)]
  0x0000023a65a23620 JavaThread "http-nio-8080-exec-3" daemon [_thread_blocked, id=91548, stack(0x0000009bc2a00000,0x0000009bc2b00000)]
  0x0000023a678989a0 JavaThread "http-nio-8080-exec-4" daemon [_thread_blocked, id=105392, stack(0x0000009bc2b00000,0x0000009bc2c00000)]
  0x0000023a678937d0 JavaThread "http-nio-8080-exec-5" daemon [_thread_blocked, id=83152, stack(0x0000009bc2c00000,0x0000009bc2d00000)]
  0x0000023a67897b30 JavaThread "http-nio-8080-exec-6" daemon [_thread_blocked, id=108752, stack(0x0000009bc2d00000,0x0000009bc2e00000)]
  0x0000023a67899340 JavaThread "http-nio-8080-exec-7" daemon [_thread_blocked, id=92668, stack(0x0000009bc2e00000,0x0000009bc2f00000)]
  0x0000023a67895e50 JavaThread "http-nio-8080-exec-8" daemon [_thread_blocked, id=101984, stack(0x0000009bc2f00000,0x0000009bc3000000)]
  0x0000023a6789a680 JavaThread "http-nio-8080-exec-9" daemon [_thread_blocked, id=109772, stack(0x0000009bc3000000,0x0000009bc3100000)]
  0x0000023a67895980 JavaThread "http-nio-8080-exec-10" daemon [_thread_blocked, id=109532, stack(0x0000009bc3100000,0x0000009bc3200000)]
  0x0000023a67894170 JavaThread "http-nio-8080-Poller" daemon [_thread_in_native, id=23416, stack(0x0000009bc3200000,0x0000009bc3300000)]
  0x0000023a67896320 JavaThread "http-nio-8080-Acceptor" daemon [_thread_in_native, id=105220, stack(0x0000009bc3300000,0x0000009bc3400000)]
  0x0000023a67898000 JavaThread "DestroyJavaVM" [_thread_blocked, id=74960, stack(0x0000009bc0600000,0x0000009bc0700000)]

Other Threads:
  0x0000023a622abc20 VMThread "VM Thread" [stack: 0x0000009bc0c00000,0x0000009bc0d00000] [id=100780]
  0x0000023a44bb8730 WatcherThread [stack: 0x0000009bc1700000,0x0000009bc1800000] [id=97848]
  0x0000023a44b96540 GCTaskThread "GC Thread#0" [stack: 0x0000009bc0700000,0x0000009bc0800000] [id=90436]
  0x0000023a63b5a410 GCTaskThread "GC Thread#1" [stack: 0x0000009bc1900000,0x0000009bc1a00000] [id=78260]
  0x0000023a633fbe70 GCTaskThread "GC Thread#2" [stack: 0x0000009bc1a00000,0x0000009bc1b00000] [id=87524]
  0x0000023a63696060 GCTaskThread "GC Thread#3" [stack: 0x0000009bc1b00000,0x0000009bc1c00000] [id=13780]
  0x0000023a44ba8670 ConcurrentGCThread "G1 Main Marker" [stack: 0x0000009bc0800000,0x0000009bc0900000] [id=13968]
  0x0000023a44ba9080 ConcurrentGCThread "G1 Conc#0" [stack: 0x0000009bc0900000,0x0000009bc0a00000] [id=103232]
  0x0000023a44c0ec00 ConcurrentGCThread "G1 Refine#0" [stack: 0x0000009bc0a00000,0x0000009bc0b00000] [id=82840]
  0x0000023a6366c0f0 ConcurrentGCThread "G1 Refine#1" [stack: 0x0000009bc1c00000,0x0000009bc1d00000] [id=95460]
  0x0000023a62163b10 ConcurrentGCThread "G1 Service" [stack: 0x0000009bc0b00000,0x0000009bc0c00000] [id=109900]

Threads with active compile tasks:
C2 CompilerThread0    13474 5013       4       org.springframework.core.annotation.AnnotationsScanner::scan (18 bytes)

VM state: not at safepoint (normal execution)

VM Mutex/Monitor currently owned by a thread: None

Heap address: 0x0000000082e00000, size: 2002 MB, Compressed Oops mode: 32-bit

CDS archive(s) mapped at: [0x0000000800000000-0x0000000800bc0000-0x0000000800bc0000), size 12320768, SharedBaseAddress: 0x0000000800000000, ArchiveRelocationMode: 0.
Compressed class space mapped at: 0x0000000800c00000-0x0000000840c00000, reserved size: 1073741824
Narrow klass base: 0x0000000800000000, Narrow klass shift: 0, Narrow klass range: 0x100000000

GC Precious Log:
 CPUs: 4 total, 4 available
 Memory: 8004M
 Large Page Support: Disabled
 NUMA Support: Disabled
 Compressed Oops: Enabled (32-bit)
 Heap Region Size: 1M
 Heap Min Capacity: 8M
 Heap Initial Capacity: 126M
 Heap Max Capacity: 2002M
 Pre-touch: Disabled
 Parallel Workers: 4
 Concurrent Workers: 1
 Concurrent Refinement Workers: 4
 Periodic GC: Disabled

Heap:
 garbage-first heap   total 58368K, used 45965K [0x0000000082e00000, 0x0000000100000000)
  region size 1024K, 22 young (22528K), 2 survivors (2048K)
 Metaspace       used 57329K, committed 57728K, reserved 1105920K
  class space    used 7838K, committed 8000K, reserved 1048576K

Heap Regions: E=young(eden), S=young(survivor), O=old, HS=humongous(starts), HC=humongous(continues), CS=collection set, F=free, OA=open archive, CA=closed archive, TAMS=top-at-mark-start (previous, next)
|   0|0x0000000082e00000, 0x0000000082f00000, 0x0000000082f00000|100%|HS|  |TAMS 0x0000000082f00000, 0x0000000082e00000| Complete 
|   1|0x0000000082f00000, 0x0000000083000000, 0x0000000083000000|100%| O|  |TAMS 0x0000000083000000, 0x0000000082f00000| Untracked 
|   2|0x0000000083000000, 0x0000000083100000, 0x0000000083100000|100%| O|  |TAMS 0x0000000083100000, 0x0000000083000000| Untracked 
|   3|0x0000000083100000, 0x0000000083200000, 0x0000000083200000|100%| O|  |TAMS 0x0000000083200000, 0x0000000083100000| Untracked 
|   4|0x0000000083200000, 0x0000000083300000, 0x0000000083300000|100%| O|  |TAMS 0x0000000083300000, 0x0000000083200000| Untracked 
|   5|0x0000000083300000, 0x0000000083400000, 0x0000000083400000|100%| O|  |TAMS 0x0000000083400000, 0x0000000083300000| Untracked 
|   6|0x0000000083400000, 0x0000000083500000, 0x0000000083500000|100%| O|  |TAMS 0x0000000083500000, 0x0000000083400000| Untracked 
|   7|0x0000000083500000, 0x0000000083600000, 0x0000000083600000|100%| O|  |TAMS 0x0000000083600000, 0x0000000083500000| Untracked 
|   8|0x0000000083600000, 0x0000000083700000, 0x0000000083700000|100%| O|  |TAMS 0x0000000083700000, 0x0000000083600000| Untracked 
|   9|0x0000000083700000, 0x0000000083800000, 0x0000000083800000|100%| O|  |TAMS 0x0000000083800000, 0x0000000083700000| Untracked 
|  10|0x0000000083800000, 0x0000000083900000, 0x0000000083900000|100%| O|  |TAMS 0x0000000083900000, 0x0000000083800000| Untracked 
|  11|0x0000000083900000, 0x0000000083a00000, 0x0000000083a00000|100%| O|  |TAMS 0x0000000083a00000, 0x0000000083900000| Untracked 
|  12|0x0000000083a00000, 0x0000000083b00000, 0x0000000083b00000|100%| O|  |TAMS 0x0000000083b00000, 0x0000000083a00000| Untracked 
|  13|0x0000000083b00000, 0x0000000083c00000, 0x0000000083c00000|100%| O|  |TAMS 0x0000000083c00000, 0x0000000083b00000| Untracked 
|  14|0x0000000083c00000, 0x0000000083d00000, 0x0000000083d00000|100%| O|  |TAMS 0x0000000083d00000, 0x0000000083c00000| Untracked 
|  15|0x0000000083d00000, 0x0000000083e00000, 0x0000000083e00000|100%| O|  |TAMS 0x0000000083e00000, 0x0000000083d00000| Untracked 
|  16|0x0000000083e00000, 0x0000000083f00000, 0x0000000083f00000|100%| O|  |TAMS 0x0000000083f00000, 0x0000000083e00000| Untracked 
|  17|0x0000000083f00000, 0x0000000083f00000, 0x0000000084000000|  0%| F|  |TAMS 0x0000000083f00000, 0x0000000083f00000| Untracked 
|  18|0x0000000084000000, 0x0000000084100000, 0x0000000084100000|100%| O|  |TAMS 0x0000000084100000, 0x0000000084000000| Untracked 
|  19|0x0000000084100000, 0x0000000084200000, 0x0000000084200000|100%| O|  |TAMS 0x0000000084200000, 0x0000000084100000| Untracked 
|  20|0x0000000084200000, 0x0000000084300000, 0x0000000084300000|100%| O|  |TAMS 0x0000000084300000, 0x0000000084200000| Untracked 
|  21|0x0000000084300000, 0x0000000084400000, 0x0000000084400000|100%| O|  |TAMS 0x0000000084365a00, 0x0000000084300000| Untracked 
|  22|0x0000000084400000, 0x0000000084500000, 0x0000000084500000|100%| O|  |TAMS 0x0000000084400000, 0x0000000084400000| Untracked 
|  23|0x0000000084500000, 0x0000000084600000, 0x0000000084600000|100%| O|  |TAMS 0x0000000084500000, 0x0000000084500000| Untracked 
|  24|0x0000000084600000, 0x0000000084700000, 0x0000000084700000|100%| O|  |TAMS 0x0000000084600000, 0x0000000084600000| Untracked 
|  25|0x0000000084700000, 0x0000000084756000, 0x0000000084800000| 33%| O|  |TAMS 0x0000000084700000, 0x0000000084700000| Untracked 
|  26|0x0000000084800000, 0x0000000084800000, 0x0000000084900000|  0%| F|  |TAMS 0x0000000084800000, 0x0000000084800000| Untracked 
|  27|0x0000000084900000, 0x0000000084900000, 0x0000000084a00000|  0%| F|  |TAMS 0x0000000084900000, 0x0000000084900000| Untracked 
|  28|0x0000000084a00000, 0x0000000084a00000, 0x0000000084b00000|  0%| F|  |TAMS 0x0000000084a00000, 0x0000000084a00000| Untracked 
|  29|0x0000000084b00000, 0x0000000084b00000, 0x0000000084c00000|  0%| F|  |TAMS 0x0000000084b00000, 0x0000000084b00000| Untracked 
|  30|0x0000000084c00000, 0x0000000084c00000, 0x0000000084d00000|  0%| F|  |TAMS 0x0000000084c00000, 0x0000000084c00000| Untracked 
|  31|0x0000000084d00000, 0x0000000084d00000, 0x0000000084e00000|  0%| F|  |TAMS 0x0000000084d00000, 0x0000000084d00000| Untracked 
|  32|0x0000000084e00000, 0x0000000084e00000, 0x0000000084f00000|  0%| F|  |TAMS 0x0000000084e00000, 0x0000000084e00000| Untracked 
|  33|0x0000000084f00000, 0x0000000084f8d540, 0x0000000085000000| 55%| S|CS|TAMS 0x0000000084f00000, 0x0000000084f00000| Complete 
|  34|0x0000000085000000, 0x0000000085100000, 0x0000000085100000|100%| S|CS|TAMS 0x0000000085000000, 0x0000000085000000| Complete 
|  35|0x0000000085100000, 0x0000000085100000, 0x0000000085200000|  0%| F|  |TAMS 0x0000000085100000, 0x0000000085100000| Untracked 
|  36|0x0000000085200000, 0x0000000085200000, 0x0000000085300000|  0%| F|  |TAMS 0x0000000085200000, 0x0000000085200000| Untracked 
|  37|0x0000000085300000, 0x0000000085300800, 0x0000000085400000|  0%| E|  |TAMS 0x0000000085300000, 0x0000000085300000| Complete 
|  38|0x0000000085400000, 0x0000000085500000, 0x0000000085500000|100%| E|CS|TAMS 0x0000000085400000, 0x0000000085400000| Complete 
|  39|0x0000000085500000, 0x0000000085600000, 0x0000000085600000|100%| E|CS|TAMS 0x0000000085500000, 0x0000000085500000| Complete 
|  40|0x0000000085600000, 0x0000000085700000, 0x0000000085700000|100%| E|CS|TAMS 0x0000000085600000, 0x0000000085600000| Complete 
|  41|0x0000000085700000, 0x0000000085800000, 0x0000000085800000|100%| E|CS|TAMS 0x0000000085700000, 0x0000000085700000| Complete 
|  42|0x0000000085800000, 0x0000000085900000, 0x0000000085900000|100%| E|CS|TAMS 0x0000000085800000, 0x0000000085800000| Complete 
|  43|0x0000000085900000, 0x0000000085a00000, 0x0000000085a00000|100%| E|CS|TAMS 0x0000000085900000, 0x0000000085900000| Complete 
|  44|0x0000000085a00000, 0x0000000085b00000, 0x0000000085b00000|100%| E|CS|TAMS 0x0000000085a00000, 0x0000000085a00000| Complete 
|  45|0x0000000085b00000, 0x0000000085c00000, 0x0000000085c00000|100%| E|CS|TAMS 0x0000000085b00000, 0x0000000085b00000| Complete 
|  46|0x0000000085c00000, 0x0000000085d00000, 0x0000000085d00000|100%| E|CS|TAMS 0x0000000085c00000, 0x0000000085c00000| Complete 
|  47|0x0000000085d00000, 0x0000000085e00000, 0x0000000085e00000|100%| E|CS|TAMS 0x0000000085d00000, 0x0000000085d00000| Complete 
|  48|0x0000000085e00000, 0x0000000085f00000, 0x0000000085f00000|100%| E|CS|TAMS 0x0000000085e00000, 0x0000000085e00000| Complete 
|  49|0x0000000085f00000, 0x0000000086000000, 0x0000000086000000|100%| E|CS|TAMS 0x0000000085f00000, 0x0000000085f00000| Complete 
|  55|0x0000000086500000, 0x0000000086600000, 0x0000000086600000|100%| E|CS|TAMS 0x0000000086500000, 0x0000000086500000| Complete 
|  56|0x0000000086600000, 0x0000000086700000, 0x0000000086700000|100%| E|CS|TAMS 0x0000000086600000, 0x0000000086600000| Complete 
|  57|0x0000000086700000, 0x0000000086800000, 0x0000000086800000|100%| E|CS|TAMS 0x0000000086700000, 0x0000000086700000| Complete 
|  58|0x0000000086800000, 0x0000000086900000, 0x0000000086900000|100%| E|CS|TAMS 0x0000000086800000, 0x0000000086800000| Complete 
|  59|0x0000000086900000, 0x0000000086a00000, 0x0000000086a00000|100%| E|CS|TAMS 0x0000000086900000, 0x0000000086900000| Complete 
|  60|0x0000000086a00000, 0x0000000086b00000, 0x0000000086b00000|100%| E|CS|TAMS 0x0000000086a00000, 0x0000000086a00000| Complete 
| 125|0x000000008ab00000, 0x000000008ac00000, 0x000000008ac00000|100%| E|CS|TAMS 0x000000008ab00000, 0x000000008ab00000| Complete 

Card table byte_map: [0x0000023a5b7a0000,0x0000023a5bb90000] _byte_map_base: 0x0000023a5b389000

Marking Bits (Prev, Next): (CMBitMap*) 0x0000023a44b97ba0, (CMBitMap*) 0x0000023a44b97b60
 Prev Bits: [0x0000023a5ded0000, 0x0000023a5fe18000)
 Next Bits: [0x0000023a5bf80000, 0x0000023a5dec8000)

Polling page: 0x0000023a42a90000

Metaspace:

Usage:
  Non-class:     48.33 MB used.
      Class:      7.65 MB used.
       Both:     55.99 MB used.

Virtual space:
  Non-class space:       56.00 MB reserved,      48.56 MB ( 87%) committed,  7 nodes.
      Class space:        1.00 GB reserved,       7.81 MB ( <1%) committed,  1 nodes.
             Both:        1.05 GB reserved,      56.38 MB (  5%) committed. 

Chunk freelists:
   Non-Class:  3.41 MB
       Class:  16.00 KB
        Both:  3.42 MB

MaxMetaspaceSize: unlimited
CompressedClassSpaceSize: 1.00 GB
Initial GC threshold: 21.00 MB
Current GC threshold: 86.69 MB
CDS: on
MetaspaceReclaimPolicy: balanced
 - commit_granule_bytes: 65536.
 - commit_granule_words: 8192.
 - virtual_space_node_default_size: 1048576.
 - enlarge_chunks_in_place: 1.
 - new_chunks_are_fully_committed: 0.
 - uncommit_free_chunks: 1.
 - use_allocation_guard: 0.
 - handle_deallocations: 1.


Internal statistics:

num_allocs_failed_limit: 6.
num_arena_births: 508.
num_arena_deaths: 0.
num_vsnodes_births: 8.
num_vsnodes_deaths: 0.
num_space_committed: 902.
num_space_uncommitted: 0.
num_chunks_returned_to_freelist: 6.
num_chunks_taken_from_freelist: 2668.
num_chunk_merges: 6.
num_chunk_splits: 1859.
num_chunks_enlarged: 1426.
num_purges: 0.
num_inconsistent_stats: 0.

CodeHeap 'non-profiled nmethods': size=120000Kb used=2871Kb max_used=2895Kb free=117128Kb
 bounds [0x0000023a53e80000, 0x0000023a54180000, 0x0000023a5b3b0000]
CodeHeap 'profiled nmethods': size=120000Kb used=10234Kb max_used=11505Kb free=109765Kb
 bounds [0x0000023a4c950000, 0x0000023a4d490000, 0x0000023a53e80000]
CodeHeap 'non-nmethods': size=5760Kb used=1287Kb max_used=1369Kb free=4472Kb
 bounds [0x0000023a4c3b0000, 0x0000023a4c620000, 0x0000023a4c950000]
 total_blobs=5769 nmethods=5160 adapters=520
 compilation: enabled
              stopped_count=0, restarted_count=0
 full_count=0

Compilation events (20 events):
Event: 12.722 Thread 0x0000023a622d3650 nmethod 4767 0x0000023a53e97410 code [0x0000023a53e97580, 0x0000023a53e975f8]
Event: 12.722 Thread 0x0000023a622d3650 4760       4       java.util.Collections$EmptySet::toArray (11 bytes)
Event: 12.722 Thread 0x0000023a622d3650 nmethod 4760 0x0000023a53e97110 code [0x0000023a53e97280, 0x0000023a53e97318]
Event: 12.722 Thread 0x0000023a622d3650 5009       4       org.springframework.core.annotation.TypeMappedAnnotations::from (24 bytes)
Event: 12.737 Thread 0x0000023a622d3650 nmethod 5009 0x0000023a53f77010 code [0x0000023a53f77240, 0x0000023a53f77ae0]
Event: 12.737 Thread 0x0000023a622d3650 5011       4       org.springframework.core.annotation.AnnotationsScanner::isKnownEmpty (60 bytes)
Event: 12.748 Thread 0x0000023a622d3650 nmethod 5011 0x0000023a53ed1990 code [0x0000023a53ed1bc0, 0x0000023a53ed22e0]
Event: 12.748 Thread 0x0000023a622d3650 5123       4       java.util.stream.Sink$ChainedReference::cancellationRequested (10 bytes)
Event: 12.748 Thread 0x0000023a622d3650 nmethod 5123 0x0000023a53e96c90 code [0x0000023a53e96e00, 0x0000023a53e96e98]
Event: 12.748 Thread 0x0000023a622d3650 5008       4       org.springframework.core.annotation.TypeMappedAnnotations::<init> (36 bytes)
Event: 12.753 Thread 0x0000023a622d3650 nmethod 5008 0x0000023a53ecd310 code [0x0000023a53ecd480, 0x0000023a53ecda38]
Event: 12.753 Thread 0x0000023a622d3650 5010       4       org.springframework.core.annotation.TypeMappedAnnotations::scan (62 bytes)
Event: 12.869 Thread 0x0000023a622dc100 5679       2       java.io.File::equals (28 bytes)
Event: 12.869 Thread 0x0000023a622dc100 nmethod 5679 0x0000023a4caa8410 code [0x0000023a4caa85c0, 0x0000023a4caa87e8]
Event: 12.869 Thread 0x0000023a622dc100 5681       2       java.lang.Long::hashCode (8 bytes)
Event: 12.869 Thread 0x0000023a622dc100 nmethod 5681 0x0000023a4c959910 code [0x0000023a4c959aa0, 0x0000023a4c959b98]
Event: 12.869 Thread 0x0000023a622dc100 5680       2       java.io.File::compareTo (9 bytes)
Event: 12.869 Thread 0x0000023a622dc100 nmethod 5680 0x0000023a4ca15710 code [0x0000023a4ca158c0, 0x0000023a4ca15a08]
Event: 13.355 Thread 0x0000023a622d3650 nmethod 5010 0x0000023a54162610 code [0x0000023a541631a0, 0x0000023a5416e808]
Event: 13.356 Thread 0x0000023a622d3650 5013       4       org.springframework.core.annotation.AnnotationsScanner::scan (18 bytes)

GC Heap History (20 events):
Event: 8.070 GC heap before
{Heap before GC invocations=12 (full 0):
 garbage-first heap   total 48128K, used 36164K [0x0000000082e00000, 0x0000000100000000)
  region size 1024K, 19 young (19456K), 2 survivors (2048K)
 Metaspace       used 40535K, committed 40896K, reserved 1089536K
  class space    used 5458K, committed 5632K, reserved 1048576K
}
Event: 8.073 GC heap after
{Heap after GC invocations=13 (full 0):
 garbage-first heap   total 48128K, used 20878K [0x0000000082e00000, 0x0000000100000000)
  region size 1024K, 3 young (3072K), 3 survivors (3072K)
 Metaspace       used 40535K, committed 40896K, reserved 1089536K
  class space    used 5458K, committed 5632K, reserved 1048576K
}
Event: 8.106 GC heap before
{Heap before GC invocations=13 (full 0):
 garbage-first heap   total 48128K, used 20878K [0x0000000082e00000, 0x0000000100000000)
  region size 1024K, 4 young (4096K), 3 survivors (3072K)
 Metaspace       used 40657K, committed 40960K, reserved 1089536K
  class space    used 5477K, committed 5632K, reserved 1048576K
}
Event: 8.110 GC heap after
{Heap after GC invocations=14 (full 0):
 garbage-first heap   total 48128K, used 20956K [0x0000000082e00000, 0x0000000100000000)
  region size 1024K, 1 young (1024K), 1 survivors (1024K)
 Metaspace       used 40657K, committed 40960K, reserved 1089536K
  class space    used 5477K, committed 5632K, reserved 1048576K
}
Event: 8.785 GC heap before
{Heap before GC invocations=14 (full 0):
 garbage-first heap   total 48128K, used 36316K [0x0000000082e00000, 0x0000000100000000)
  region size 1024K, 16 young (16384K), 1 survivors (1024K)
 Metaspace       used 44721K, committed 45056K, reserved 1089536K
  class space    used 6055K, committed 6208K, reserved 1048576K
}
Event: 8.788 GC heap after
{Heap after GC invocations=15 (full 0):
 garbage-first heap   total 48128K, used 21368K [0x0000000082e00000, 0x0000000100000000)
  region size 1024K, 1 young (1024K), 1 survivors (1024K)
 Metaspace       used 44721K, committed 45056K, reserved 1089536K
  class space    used 6055K, committed 6208K, reserved 1048576K
}
Event: 9.601 GC heap before
{Heap before GC invocations=15 (full 0):
 garbage-first heap   total 48128K, used 36728K [0x0000000082e00000, 0x0000000100000000)
  region size 1024K, 17 young (17408K), 1 survivors (1024K)
 Metaspace       used 48444K, committed 48768K, reserved 1097728K
  class space    used 6620K, committed 6784K, reserved 1048576K
}
Event: 9.603 GC heap after
{Heap after GC invocations=16 (full 0):
 garbage-first heap   total 48128K, used 21957K [0x0000000082e00000, 0x0000000100000000)
  region size 1024K, 2 young (2048K), 2 survivors (2048K)
 Metaspace       used 48444K, committed 48768K, reserved 1097728K
  class space    used 6620K, committed 6784K, reserved 1048576K
}
Event: 10.102 GC heap before
{Heap before GC invocations=16 (full 0):
 garbage-first heap   total 48128K, used 37317K [0x0000000082e00000, 0x0000000100000000)
  region size 1024K, 18 young (18432K), 2 survivors (2048K)
 Metaspace       used 50682K, committed 51072K, reserved 1097728K
  class space    used 6913K, committed 7104K, reserved 1048576K
}
Event: 10.105 GC heap after
{Heap after GC invocations=17 (full 0):
 garbage-first heap   total 48128K, used 23447K [0x0000000082e00000, 0x0000000100000000)
  region size 1024K, 3 young (3072K), 3 survivors (3072K)
 Metaspace       used 50682K, committed 51072K, reserved 1097728K
  class space    used 6913K, committed 7104K, reserved 1048576K
}
Event: 10.454 GC heap before
{Heap before GC invocations=17 (full 0):
 garbage-first heap   total 48128K, used 38807K [0x0000000082e00000, 0x0000000100000000)
  region size 1024K, 18 young (18432K), 3 survivors (3072K)
 Metaspace       used 52294K, committed 52736K, reserved 1097728K
  class space    used 7145K, committed 7360K, reserved 1048576K
}
Event: 10.457 GC heap after
{Heap after GC invocations=18 (full 0):
 garbage-first heap   total 48128K, used 24075K [0x0000000082e00000, 0x0000000100000000)
  region size 1024K, 3 young (3072K), 3 survivors (3072K)
 Metaspace       used 52294K, committed 52736K, reserved 1097728K
  class space    used 7145K, committed 7360K, reserved 1048576K
}
Event: 10.618 GC heap before
{Heap before GC invocations=18 (full 0):
 garbage-first heap   total 48128K, used 38411K [0x0000000082e00000, 0x0000000100000000)
  region size 1024K, 17 young (17408K), 3 survivors (3072K)
 Metaspace       used 52796K, committed 53248K, reserved 1097728K
  class space    used 7203K, committed 7424K, reserved 1048576K
}
Event: 10.622 GC heap after
{Heap after GC invocations=19 (full 0):
 garbage-first heap   total 58368K, used 24766K [0x0000000082e00000, 0x0000000100000000)
  region size 1024K, 2 young (2048K), 2 survivors (2048K)
 Metaspace       used 52796K, committed 53248K, reserved 1097728K
  class space    used 7203K, committed 7424K, reserved 1048576K
}
Event: 10.852 GC heap before
{Heap before GC invocations=20 (full 0):
 garbage-first heap   total 58368K, used 46270K [0x0000000082e00000, 0x0000000100000000)
  region size 1024K, 23 young (23552K), 2 survivors (2048K)
 Metaspace       used 53321K, committed 53696K, reserved 1097728K
  class space    used 7280K, committed 7488K, reserved 1048576K
}
Event: 10.854 GC heap after
{Heap after GC invocations=21 (full 0):
 garbage-first heap   total 58368K, used 25186K [0x0000000082e00000, 0x0000000100000000)
  region size 1024K, 2 young (2048K), 2 survivors (2048K)
 Metaspace       used 53321K, committed 53696K, reserved 1097728K
  class space    used 7280K, committed 7488K, reserved 1048576K
}
Event: 10.881 GC heap before
{Heap before GC invocations=21 (full 0):
 garbage-first heap   total 58368K, used 26210K [0x0000000082e00000, 0x0000000100000000)
  region size 1024K, 3 young (3072K), 2 survivors (2048K)
 Metaspace       used 53321K, committed 53696K, reserved 1097728K
  class space    used 7280K, committed 7488K, reserved 1048576K
}
Event: 10.884 GC heap after
{Heap after GC invocations=22 (full 0):
 garbage-first heap   total 58368K, used 25167K [0x0000000082e00000, 0x0000000100000000)
  region size 1024K, 1 young (1024K), 1 survivors (1024K)
 Metaspace       used 53321K, committed 53696K, reserved 1097728K
  class space    used 7280K, committed 7488K, reserved 1048576K
}
Event: 11.451 GC heap before
{Heap before GC invocations=22 (full 0):
 garbage-first heap   total 58368K, used 46671K [0x0000000082e00000, 0x0000000100000000)
  region size 1024K, 22 young (22528K), 1 survivors (1024K)
 Metaspace       used 55451K, committed 55872K, reserved 1097728K
  class space    used 7585K, committed 7808K, reserved 1048576K
}
Event: 11.454 GC heap after
{Heap after GC invocations=23 (full 0):
 garbage-first heap   total 58368K, used 26509K [0x0000000082e00000, 0x0000000100000000)
  region size 1024K, 2 young (2048K), 2 survivors (2048K)
 Metaspace       used 55451K, committed 55872K, reserved 1097728K
  class space    used 7585K, committed 7808K, reserved 1048576K
}

Deoptimization events (20 events):
Event: 11.490 Thread 0x0000023a63758530 DEOPT PACKING pc=0x0000023a53e8ad38 sp=0x0000009bc1efcee0
Event: 11.490 Thread 0x0000023a63758530 DEOPT UNPACKING pc=0x0000023a4c4023a3 sp=0x0000009bc1efce70 mode 2
Event: 11.614 Thread 0x0000023a63758530 DEOPT PACKING pc=0x0000023a4cb8cea3 sp=0x0000009bc1efc900
Event: 11.614 Thread 0x0000023a63758530 DEOPT UNPACKING pc=0x0000023a4c402b43 sp=0x0000009bc1efbd70 mode 0
Event: 11.683 Thread 0x0000023a63758530 Uncommon trap: trap_request=0xffffff45 fr.pc=0x0000023a5410cc68 relative=0x0000000000000f28
Event: 11.683 Thread 0x0000023a63758530 Uncommon trap: reason=unstable_if action=reinterpret pc=0x0000023a5410cc68 method=org.springframework.beans.factory.support.DefaultSingletonBeanRegistry.getSingleton(Ljava/lang/String;Z)Ljava/lang/Object; @ 39 c2
Event: 11.683 Thread 0x0000023a63758530 DEOPT PACKING pc=0x0000023a5410cc68 sp=0x0000009bc1efda90
Event: 11.683 Thread 0x0000023a63758530 DEOPT UNPACKING pc=0x0000023a4c4023a3 sp=0x0000009bc1efda28 mode 2
Event: 11.699 Thread 0x0000023a63758530 Uncommon trap: trap_request=0xffffffde fr.pc=0x0000023a53faccb8 relative=0x00000000000000f8
Event: 11.699 Thread 0x0000023a63758530 Uncommon trap: reason=class_check action=maybe_recompile pc=0x0000023a53faccb8 method=org.springframework.core.SerializableTypeWrapper.unwrap(Ljava/lang/reflect/Type;)Ljava/lang/reflect/Type; @ 18 c2
Event: 11.699 Thread 0x0000023a63758530 DEOPT PACKING pc=0x0000023a53faccb8 sp=0x0000009bc1efb9e0
Event: 11.699 Thread 0x0000023a63758530 DEOPT UNPACKING pc=0x0000023a4c4023a3 sp=0x0000009bc1efb918 mode 2
Event: 11.700 Thread 0x0000023a63758530 Uncommon trap: trap_request=0xffffffde fr.pc=0x0000023a53ef4500 relative=0x0000000000000140
Event: 11.700 Thread 0x0000023a63758530 Uncommon trap: reason=class_check action=maybe_recompile pc=0x0000023a53ef4500 method=org.springframework.boot.context.properties.source.ConfigurationPropertyName$Elements.charAt(II)C @ 43 c2
Event: 11.700 Thread 0x0000023a63758530 DEOPT PACKING pc=0x0000023a53ef4500 sp=0x0000009bc1efa470
Event: 11.700 Thread 0x0000023a63758530 DEOPT UNPACKING pc=0x0000023a4c4023a3 sp=0x0000009bc1efa3e8 mode 2
Event: 11.845 Thread 0x0000023a63758530 Uncommon trap: trap_request=0xffffff45 fr.pc=0x0000023a5411c620 relative=0x0000000000002760
Event: 11.845 Thread 0x0000023a63758530 Uncommon trap: reason=unstable_if action=reinterpret pc=0x0000023a5411c620 method=org.springframework.core.annotation.AnnotationsScanner.processClassHierarchy(Ljava/lang/Object;[ILjava/lang/Class;Lorg/springframework/core/annotation/AnnotationsProcessor;Z
Event: 11.845 Thread 0x0000023a63758530 DEOPT PACKING pc=0x0000023a5411c620 sp=0x0000009bc1efdb00
Event: 11.845 Thread 0x0000023a63758530 DEOPT UNPACKING pc=0x0000023a4c4023a3 sp=0x0000009bc1efdb28 mode 2

Classes unloaded (0 events):
No events

Classes redefined (0 events):
No events

Internal exceptions (20 events):
Event: 10.729 Thread 0x0000023a63758530 Exception <a 'java/lang/ClassNotFoundException'{0x0000000085b04de8}: com/portfolioweb/eib/Entity/PersonaCustomizer> (0x0000000085b04de8) 
thrown [s\open\src\hotspot\share\classfile\systemDictionary.cpp, line 256]
Event: 10.893 Thread 0x0000023a63758530 Exception <a 'java/lang/reflect/InvocationTargetException'{0x000000008ab7fbb0}> (0x000000008ab7fbb0) 
thrown [s\open\src\hotspot\share\runtime\reflection.cpp, line 1121]
Event: 10.936 Thread 0x0000023a63758530 Exception <a 'java/lang/ClassNotFoundException'{0x0000000086841c90}: java/lang/ObjectCustomizer> (0x0000000086841c90) 
thrown [s\open\src\hotspot\share\classfile\systemDictionary.cpp, line 256]
Event: 10.937 Thread 0x0000023a63758530 Exception <a 'java/lang/ClassNotFoundException'{0x000000008684a578}: org/springframework/security/config/annotation/web/configuration/WebSecurityConfigurationCustomizer> (0x000000008684a578) 
thrown [s\open\src\hotspot\share\classfile\systemDictionary.cpp, line 256]
Event: 10.944 Thread 0x0000023a63758530 Exception <a 'java/lang/ClassNotFoundException'{0x00000000868583d0}: org/springframework/context/annotation/ImportAwareCustomizer> (0x00000000868583d0) 
thrown [s\open\src\hotspot\share\classfile\systemDictionary.cpp, line 256]
Event: 10.945 Thread 0x0000023a63758530 Exception <a 'java/lang/ClassNotFoundException'{0x000000008685dbc8}: org/springframework/beans/factory/AwareCustomizer> (0x000000008685dbc8) 
thrown [s\open\src\hotspot\share\classfile\systemDictionary.cpp, line 256]
Event: 10.945 Thread 0x0000023a63758530 Exception <a 'java/lang/ClassNotFoundException'{0x0000000086862818}: org/springframework/beans/factory/BeanClassLoaderAwareCustomizer> (0x0000000086862818) 
thrown [s\open\src\hotspot\share\classfile\systemDictionary.cpp, line 256]
Event: 10.946 Thread 0x0000023a63758530 Exception <a 'java/lang/ClassNotFoundException'{0x0000000086867ff0}: org/springframework/beans/factory/AwareCustomizer> (0x0000000086867ff0) 
thrown [s\open\src\hotspot\share\classfile\systemDictionary.cpp, line 256]
Event: 10.986 Thread 0x0000023a63758530 Implicit null exception at 0x0000023a53f78dc6 to 0x0000023a53f78e8f
Event: 11.417 Thread 0x0000023a63758530 Exception <a 'java/lang/IncompatibleClassChangeError'{0x00000000852d1a20}: Found class java.lang.Object, but interface was expected> (0x00000000852d1a20) 
thrown [s\open\src\hotspot\share\interpreter\linkResolver.cpp, line 826]
Event: 11.498 Thread 0x0000023a63758530 Exception <a 'java/lang/ClassNotFoundException'{0x0000000086a52b20}: java/lang/ObjectCustomizer> (0x0000000086a52b20) 
thrown [s\open\src\hotspot\share\classfile\systemDictionary.cpp, line 256]
Event: 11.498 Thread 0x0000023a63758530 Exception <a 'java/lang/ClassNotFoundException'{0x0000000086a5b420}: org/springframework/security/config/annotation/web/configuration/HttpSecurityConfigurationCustomizer> (0x0000000086a5b420) 
thrown [s\open\src\hotspot\share\classfile\systemDictionary.cpp, line 256]
Event: 11.518 Thread 0x0000023a63758530 Exception <a 'java/lang/NoSuchMethodError'{0x0000000086af2ef0}: 'java.lang.Object java.lang.invoke.DirectMethodHandle$Holder.invokeInterface(java.lang.Object, java.lang.Object, java.lang.Object, java.lang.Object)'> (0x0000000086af2ef0) 
thrown [s\open\src\hotspot\share\interpreter\linkResolver.cpp, line 759]
Event: 11.576 Thread 0x0000023a63758530 Exception <a 'java/lang/NoSuchMethodError'{0x00000000868fc458}: 'void java.lang.invoke.DirectMethodHandle$Holder.invokeVirtual(java.lang.Object, java.lang.Object, int)'> (0x00000000868fc458) 
thrown [s\open\src\hotspot\share\interpreter\linkResolver.cpp, line 759]
Event: 11.580 Thread 0x0000023a63758530 Exception <a 'java/lang/NoSuchMethodError'{0x00000000867176e8}: 'void java.lang.invoke.DirectMethodHandle$Holder.invokeVirtual(java.lang.Object, java.lang.Object, long)'> (0x00000000867176e8) 
thrown [s\open\src\hotspot\share\interpreter\linkResolver.cpp, line 759]
Event: 11.677 Thread 0x0000023a63758530 Exception <a 'java/lang/NoSuchMethodError'{0x0000000085e2a028}: 'int java.lang.invoke.DirectMethodHandle$Holder.invokeStaticInit(java.lang.Object, java.lang.Object, java.lang.Object, java.lang.Object)'> (0x0000000085e2a028) 
thrown [s\open\src\hotspot\share\interpreter\linkResolver.cpp, line 759]
Event: 11.854 Thread 0x0000023a63758530 Exception <a 'java/lang/NoSuchMethodError'{0x0000000085724990}: 'java.lang.Object java.lang.invoke.DirectMethodHandle$Holder.invokeSpecial(java.lang.Object, java.lang.Object, int, java.lang.Object, int, java.lang.Object)'> (0x0000000085724990) 
thrown [s\open\src\hotspot\share\interpreter\linkResolver.cpp, line 759]
Event: 11.855 Thread 0x0000023a63758530 Exception <a 'java/lang/NoSuchMethodError'{0x000000008572ca38}: 'java.lang.Object java.lang.invoke.DirectMethodHandle$Holder.newInvokeSpecial(java.lang.Object, java.lang.Object, int, java.lang.Object, int)'> (0x000000008572ca38) 
thrown [s\open\src\hotspot\share\interpreter\linkResolver.cpp, line 759]
Event: 11.855 Thread 0x0000023a63758530 Exception <a 'java/lang/NoSuchMethodError'{0x0000000085730b38}: 'java.lang.Object java.lang.invoke.DirectMethodHandle$Holder.invokeSpecial(java.lang.Object, java.lang.Object, java.lang.Object, int, java.lang.Object, int)'> (0x0000000085730b38) 
thrown [s\open\src\hotspot\share\interpreter\linkResolver.cpp, line 759]
Event: 11.858 Thread 0x0000023a63758530 Exception <a 'java/lang/NoSuchMethodError'{0x000000008573abb0}: 'void java.lang.invoke.DirectMethodHandle$Holder.invokeVirtual(java.lang.Object, java.lang.Object)'> (0x000000008573abb0) 
thrown [s\open\src\hotspot\share\interpreter\linkResolver.cpp, line 759]

VM Operations (20 events):
Event: 11.198 Executing VM operation: HandshakeAllThreads
Event: 11.198 Executing VM operation: HandshakeAllThreads done
Event: 11.270 Executing VM operation: HandshakeAllThreads
Event: 11.270 Executing VM operation: HandshakeAllThreads done
Event: 11.271 Executing VM operation: HandshakeAllThreads
Event: 11.271 Executing VM operation: HandshakeAllThreads done
Event: 11.435 Executing VM operation: HandshakeAllThreads
Event: 11.435 Executing VM operation: HandshakeAllThreads done
Event: 11.451 Executing VM operation: G1CollectForAllocation
Event: 11.455 Executing VM operation: G1CollectForAllocation done
Event: 11.604 Executing VM operation: HandshakeAllThreads
Event: 11.604 Executing VM operation: HandshakeAllThreads done
Event: 11.795 Executing VM operation: HandshakeAllThreads
Event: 11.795 Executing VM operation: HandshakeAllThreads done
Event: 11.835 Executing VM operation: HandshakeAllThreads
Event: 11.835 Executing VM operation: HandshakeAllThreads done
Event: 11.943 Executing VM operation: HandshakeAllThreads
Event: 11.943 Executing VM operation: HandshakeAllThreads done
Event: 12.954 Executing VM operation: Cleanup
Event: 12.954 Executing VM operation: Cleanup done

Events (20 events):
Event: 11.921 loading class java/util/TreeMap$ValueSpliterator done
Event: 11.937 loading class java/nio/channels/spi/AbstractSelector$1
Event: 11.937 loading class java/nio/channels/spi/AbstractSelector$1 done
Event: 11.948 Thread 0x0000023a63758530 Thread exited: 0x0000023a63758530
Event: 11.948 loading class java/beans/ThreadGroupContext
Event: 11.948 loading class java/beans/ThreadGroupContext done
Event: 11.948 loading class java/beans/ThreadGroupContext$1
Event: 11.948 loading class java/beans/WeakIdentityMap
Event: 11.949 loading class java/beans/WeakIdentityMap done
Event: 11.949 loading class java/beans/ThreadGroupContext$1 done
Event: 11.949 loading class java/beans/WeakIdentityMap$Entry
Event: 11.949 loading class java/beans/WeakIdentityMap$Entry done
Event: 11.950 loading class java/util/stream/LongStream
Event: 11.951 loading class java/util/stream/LongStream done
Event: 11.951 loading class java/util/stream/DoubleStream
Event: 11.951 loading class java/util/stream/DoubleStream done
Event: 11.952 Thread 0x0000023a63744080 Thread exited: 0x0000023a63744080
Event: 11.952 Thread 0x0000023a44b3cbe0 Thread exited: 0x0000023a44b3cbe0
Event: 11.952 Thread 0x0000023a67898000 Thread added: 0x0000023a67898000
Event: 12.939 Thread 0x0000023a65a24960 Thread exited: 0x0000023a65a24960


Dynamic libraries:
0x00007ff760c60000 - 0x00007ff760c70000 	C:\Program Files\Java\jdk-17.0.4\bin\java.exe
0x00007ffb22110000 - 0x00007ffb22305000 	C:\Windows\SYSTEM32\ntdll.dll
0x00007ffb22000000 - 0x00007ffb220be000 	C:\Windows\System32\KERNEL32.DLL
0x00007ffb1fbf0000 - 0x00007ffb1feb8000 	C:\Windows\System32\KERNELBASE.dll
0x00007ffb1f960000 - 0x00007ffb1fa60000 	C:\Windows\System32\ucrtbase.dll
0x00007ffb15090000 - 0x00007ffb150a8000 	C:\Program Files\Java\jdk-17.0.4\bin\jli.dll
0x00007ffb0f4e0000 - 0x00007ffb0f4fa000 	C:\Program Files\Java\jdk-17.0.4\bin\VCRUNTIME140.dll
0x00007ffb20a70000 - 0x00007ffb20b1c000 	C:\Windows\System32\ADVAPI32.dll
0x00007ffb21d40000 - 0x00007ffb21dde000 	C:\Windows\System32\msvcrt.dll
0x00007ffb20fc0000 - 0x00007ffb2105b000 	C:\Windows\System32\sechost.dll
0x00007ffb218f0000 - 0x00007ffb21a1a000 	C:\Windows\System32\RPCRT4.dll
0x00007ffb21e50000 - 0x00007ffb21ff1000 	C:\Windows\System32\USER32.dll
0x00007ffb1f930000 - 0x00007ffb1f952000 	C:\Windows\System32\win32u.dll
0x00007ffb20b40000 - 0x00007ffb20b6b000 	C:\Windows\System32\GDI32.dll
0x00007ffb1f820000 - 0x00007ffb1f92d000 	C:\Windows\System32\gdi32full.dll
0x00007ffb0b0c0000 - 0x00007ffb0b35a000 	C:\Windows\WinSxS\amd64_microsoft.windows.common-controls_6595b64144ccf1df_6.0.19041.1110_none_60b5254171f9507e\COMCTL32.dll
0x00007ffb1ffd0000 - 0x00007ffb2006d000 	C:\Windows\System32\msvcp_win.dll
0x00007ffb17250000 - 0x00007ffb1725a000 	C:\Windows\SYSTEM32\VERSION.dll
0x00007ffb204b0000 - 0x00007ffb204e0000 	C:\Windows\System32\IMM32.DLL
0x00007ffb156d0000 - 0x00007ffb156dc000 	C:\Program Files\Java\jdk-17.0.4\bin\vcruntime140_1.dll
0x00007ffaff580000 - 0x00007ffaff60d000 	C:\Program Files\Java\jdk-17.0.4\bin\msvcp140.dll
0x00007ffab2d00000 - 0x00007ffab38c2000 	C:\Program Files\Java\jdk-17.0.4\bin\server\jvm.dll
0x00007ffb220c0000 - 0x00007ffb220c8000 	C:\Windows\System32\PSAPI.DLL
0x00007ffb18570000 - 0x00007ffb18579000 	C:\Windows\SYSTEM32\WSOCK32.dll
0x00007ffb14b40000 - 0x00007ffb14b67000 	C:\Windows\SYSTEM32\WINMM.dll
0x00007ffb21de0000 - 0x00007ffb21e4b000 	C:\Windows\System32\WS2_32.dll
0x00007ffb1d710000 - 0x00007ffb1d722000 	C:\Windows\SYSTEM32\kernel.appcore.dll
0x00007ffb15550000 - 0x00007ffb1555a000 	C:\Program Files\Java\jdk-17.0.4\bin\jimage.dll
0x00007ffb0c4f0000 - 0x00007ffb0c6d4000 	C:\Windows\SYSTEM32\DBGHELP.DLL
0x00007ffb09cd0000 - 0x00007ffb09cfc000 	C:\Windows\SYSTEM32\dbgcore.DLL
0x00007ffb200c0000 - 0x00007ffb20142000 	C:\Windows\System32\bcryptPrimitives.dll
0x00007ffb0abc0000 - 0x00007ffb0abe5000 	C:\Program Files\Java\jdk-17.0.4\bin\java.dll
0x00007ffacc360000 - 0x00007ffacc436000 	C:\Program Files\Java\jdk-17.0.4\bin\jsvml.dll
0x00007ffb21060000 - 0x00007ffb217a4000 	C:\Windows\System32\SHELL32.dll
0x00007ffb1d910000 - 0x00007ffb1e0a4000 	C:\Windows\SYSTEM32\windows.storage.dll
0x00007ffb20150000 - 0x00007ffb204a5000 	C:\Windows\System32\combase.dll
0x00007ffb1f270000 - 0x00007ffb1f29e000 	C:\Windows\SYSTEM32\Wldp.dll
0x00007ffb21ae0000 - 0x00007ffb21b8d000 	C:\Windows\System32\SHCORE.dll
0x00007ffb21a20000 - 0x00007ffb21a75000 	C:\Windows\System32\shlwapi.dll
0x00007ffb1f760000 - 0x00007ffb1f77f000 	C:\Windows\SYSTEM32\profapi.dll
0x00007ffb0d600000 - 0x00007ffb0d619000 	C:\Program Files\Java\jdk-17.0.4\bin\net.dll
0x00007ffb14ce0000 - 0x00007ffb14dec000 	C:\Windows\SYSTEM32\WINHTTP.dll
0x00007ffb1ef60000 - 0x00007ffb1efca000 	C:\Windows\system32\mswsock.dll
0x00007ffb0ad10000 - 0x00007ffb0ad26000 	C:\Program Files\Java\jdk-17.0.4\bin\nio.dll
0x00007ffb0aa60000 - 0x00007ffb0aa78000 	C:\Program Files\Java\jdk-17.0.4\bin\zip.dll
0x00007ffb14f80000 - 0x00007ffb14f90000 	C:\Program Files\Java\jdk-17.0.4\bin\verify.dll
0x00007ffb124c0000 - 0x00007ffb124c9000 	C:\Program Files\Java\jdk-17.0.4\bin\management.dll
0x00007ffb0ff20000 - 0x00007ffb0ff2b000 	C:\Program Files\Java\jdk-17.0.4\bin\management_ext.dll
0x00007ffaff4b0000 - 0x00007ffaff4c7000 	C:\Windows\system32\napinsp.dll
0x00007ffaff030000 - 0x00007ffaff04b000 	C:\Windows\system32\pnrpnsp.dll
0x00007ffb03370000 - 0x00007ffb03385000 	C:\Windows\system32\wshbth.dll
0x00007ffb1b240000 - 0x00007ffb1b25d000 	C:\Windows\system32\NLAapi.dll
0x00007ffb1ebf0000 - 0x00007ffb1ec2b000 	C:\Windows\SYSTEM32\IPHLPAPI.DLL
0x00007ffb1ec30000 - 0x00007ffb1ecfb000 	C:\Windows\SYSTEM32\DNSAPI.dll
0x00007ffb20b20000 - 0x00007ffb20b28000 	C:\Windows\System32\NSI.dll
0x00007ffafe1b0000 - 0x00007ffafe1c2000 	C:\Windows\System32\winrnr.dll
0x0000000069280000 - 0x00000000692a6000 	C:\Program Files\Bonjour\mdnsNSP.dll
0x00007ffb13f20000 - 0x00007ffb13f2a000 	C:\Windows\System32\rasadhlp.dll
0x00007ffb0efe0000 - 0x00007ffb0f05f000 	C:\Windows\System32\fwpuclnt.dll
0x00007ffb1fa60000 - 0x00007ffb1fa87000 	C:\Windows\System32\bcrypt.dll
0x00007ffb1f150000 - 0x00007ffb1f168000 	C:\Windows\SYSTEM32\CRYPTSP.dll
0x00007ffb1e880000 - 0x00007ffb1e8b4000 	C:\Windows\system32\rsaenh.dll
0x00007ffb1f720000 - 0x00007ffb1f74e000 	C:\Windows\SYSTEM32\USERENV.dll
0x00007ffb1f170000 - 0x00007ffb1f17c000 	C:\Windows\SYSTEM32\CRYPTBASE.dll
0x00007ffb17230000 - 0x00007ffb17247000 	C:\Windows\SYSTEM32\dhcpcsvc6.DLL
0x00007ffb16ff0000 - 0x00007ffb1700d000 	C:\Windows\SYSTEM32\dhcpcsvc.DLL
0x00007ffb0f4d0000 - 0x00007ffb0f4de000 	C:\Program Files\Java\jdk-17.0.4\bin\sunmscapi.dll
0x00007ffb1fa90000 - 0x00007ffb1fbe6000 	C:\Windows\System32\CRYPT32.dll
0x00007ffb1f2e0000 - 0x00007ffb1f307000 	C:\Windows\SYSTEM32\ncrypt.dll
0x00007ffb1f2a0000 - 0x00007ffb1f2db000 	C:\Windows\SYSTEM32\NTASN1.dll
0x00007ffb156e0000 - 0x00007ffb156e7000 	C:\Windows\system32\wshunix.dll

dbghelp: loaded successfully - version: 4.0.5 - missing functions: none
symbol engine: initialized successfully - sym options: 0x614 - pdb path: .;C:\Program Files\Java\jdk-17.0.4\bin;C:\Windows\SYSTEM32;C:\Windows\WinSxS\amd64_microsoft.windows.common-controls_6595b64144ccf1df_6.0.19041.1110_none_60b5254171f9507e;C:\Program Files\Java\jdk-17.0.4\bin\server;C:\Program Files\Bonjour

VM Arguments:
java_command: com.portfolioweb.eib.EibApplication
java_class_path (initial): C:\Users\Elias\Documents\ProyectoAP\ProyectoIntegrador-BusssanichElias\ProyectoPortfolioWeb\BackEnd\target\classes;C:\Users\Elias\.m2\repository\org\springframework\boot\spring-boot-starter-data-jpa\2.7.3\spring-boot-starter-data-jpa-2.7.3.jar;C:\Users\Elias\.m2\repository\org\springframework\boot\spring-boot-starter-aop\2.7.3\spring-boot-starter-aop-2.7.3.jar;C:\Users\Elias\.m2\repository\org\aspectj\aspectjweaver\1.9.7\aspectjweaver-1.9.7.jar;C:\Users\Elias\.m2\repository\org\springframework\boot\spring-boot-starter-jdbc\2.7.3\spring-boot-starter-jdbc-2.7.3.jar;C:\Users\Elias\.m2\repository\com\zaxxer\HikariCP\4.0.3\HikariCP-4.0.3.jar;C:\Users\Elias\.m2\repository\org\springframework\spring-jdbc\5.3.22\spring-jdbc-5.3.22.jar;C:\Users\Elias\.m2\repository\jakarta\transaction\jakarta.transaction-api\1.3.3\jakarta.transaction-api-1.3.3.jar;C:\Users\Elias\.m2\repository\jakarta\persistence\jakarta.persistence-api\2.2.3\jakarta.persistence-api-2.2.3.jar;C:\Users\Elias\.m2\repository\org\hibernate\hibernate-core\5.6.10.Final\hibernate-core-5.6.10.Final.jar;C:\Users\Elias\.m2\repository\org\jboss\logging\jboss-logging\3.4.3.Final\jboss-logging-3.4.3.Final.jar;C:\Users\Elias\.m2\repository\net\bytebuddy\byte-buddy\1.12.13\byte-buddy-1.12.13.jar;C:\Users\Elias\.m2\repository\antlr\antlr\2.7.7\antlr-2.7.7.jar;C:\Users\Elias\.m2\repository\org\jboss\jandex\2.4.2.Final\jandex-2.4.2.Final.jar;C:\Users\Elias\.m2\repository\com\fasterxml\classmate\1.5.1\classmate-1.5.1.jar;C:\Users\Elias\.m2\repository\org\hibernate\common\hibernate-commons-annotations\5.1.2.Final\hibernate-commons-annotations-5.1.2.Final.jar;C:\Users\Elias\.m2\repository\org\glassfish\jaxb\jaxb-runtime\2.3.6\jaxb-runtime-2.3.6.jar;C:\Users\Elias\.m2\repository\org\glassfish\jaxb\txw2\2.3.6\txw2-2.3.6.jar;C:\Users\Elias\.m2\repository\com\sun\istack\istack-commons-runtime\3.0.12\istack-commons-runtime-3.0.12.jar;C:\Users\Elias\.m2\repository\com\sun\activation\jakarta.activation\1.2.
Launcher Type: SUN_STANDARD

[Global flags]
     intx CICompilerCount                          = 3                                         {product} {ergonomic}
     uint ConcGCThreads                            = 1                                         {product} {ergonomic}
     uint G1ConcRefinementThreads                  = 4                                         {product} {ergonomic}
   size_t G1HeapRegionSize                         = 1048576                                   {product} {ergonomic}
    uintx GCDrainStackTargetSize                   = 64                                        {product} {ergonomic}
   size_t InitialHeapSize                          = 132120576                                 {product} {ergonomic}
   size_t MarkStackSize                            = 4194304                                   {product} {ergonomic}
   size_t MaxHeapSize                              = 2099249152                                {product} {ergonomic}
   size_t MaxNewSize                               = 1259339776                                {product} {ergonomic}
   size_t MinHeapDeltaBytes                        = 1048576                                   {product} {ergonomic}
   size_t MinHeapSize                              = 8388608                                   {product} {ergonomic}
    uintx NonNMethodCodeHeapSize                   = 5832780                                {pd product} {ergonomic}
    uintx NonProfiledCodeHeapSize                  = 122912730                              {pd product} {ergonomic}
    uintx ProfiledCodeHeapSize                     = 122912730                              {pd product} {ergonomic}
    uintx ReservedCodeCacheSize                    = 251658240                              {pd product} {ergonomic}
     bool SegmentedCodeCache                       = true                                      {product} {ergonomic}
   size_t SoftMaxHeapSize                          = 2099249152                             {manageable} {ergonomic}
     bool UseCompressedClassPointers               = true                           {product lp64_product} {ergonomic}
     bool UseCompressedOops                        = true                           {product lp64_product} {ergonomic}
     bool UseG1GC                                  = true                                      {product} {ergonomic}
     bool UseLargePagesIndividualAllocation        = false                                  {pd product} {ergonomic}

Logging:
Log output configuration:
 #0: stdout all=warning uptime,level,tags
 #1: stderr all=off uptime,level,tags

Environment Variables:
JAVA_HOME=C:\Program Files\Java\jdk-17.0.4
PATH=C:\Program Files\Common Files\Oracle\Java\javapath;C:\Program Files (x86)\Common Files\Oracle\Java\javapath;D:\Program Files (x86)\VMware\VMware Player\bin\;C:\Program Files (x86)\Razer Chroma SDK\bin;C:\Program Files\Razer Chroma SDK\bin;C:\Program Files (x86)\Razer\ChromaBroadcast\bin;C:\Program Files\Razer\ChromaBroadcast\bin;C:\Windows\system32;C:\Windows;C:\Windows\System32\Wbem;C:\Windows\System32\WindowsPowerShell\v1.0\;C:\Windows\System32\OpenSSH\;C:\Program Files\NVIDIA Corporation\NVIDIA NvDLISR;C:\Program Files (x86)\Intel\Intel(R) Management Engine Components\DAL;C:\Program Files\Intel\Intel(R) Management Engine Components\DAL;C:\Program Files\dotnet\;C:\Windows\system32\config\systemprofile\AppData\Local\Microsoft\WindowsApps;D:\Program Files\Calibre2\;C:\Program Files\nodejs\;C:\Program Files (x86)\NVIDIA Corporation\PhysX\Common;D:\Program Files\Git\cmd;D:\Program Files\Git\mingw64\bin;D:\Program Files\Git\usr\bin;C:\Users\Elias\AppData\Local\Programs\Python\Python38;C:\Users\Elias\AppData\Local\Programs\Python\Python38\Scripts;C:\Program Files\MySQL\MySQL Shell 8.0\bin\;C:\Users\Elias\AppData\Local\Microsoft\WindowsApps;C:\Users\Elias\AppData\Roaming\npm;C:\Users\Elias\AppData\Local\Programs\Microsoft VS Code\bin;C:\Users\Elias\AppData\Local\atom\bin;C:\Users\Elias\AppData\Local\GitHubDesktop\bin;C:\Program Files\heroku\bin
USERNAME=Elias
OS=Windows_NT
PROCESSOR_IDENTIFIER=Intel64 Family 6 Model 94 Stepping 3, GenuineIntel



---------------  S Y S T E M  ---------------

OS:
 Windows 10 , 64 bit Build 19041 (10.0.19041.1348)
OS uptime: 38 days 11:16 hours

CPU: total 4 (initial active 4) (4 cores per cpu, 1 threads per core) family 6 model 94 stepping 3 microcode 0xcc, cx8, cmov, fxsr, mmx, 3dnowpref, sse, sse2, sse3, ssse3, sse4.1, sse4.2, popcnt, lzcnt, tsc, tscinvbit, avx, avx2, aes, erms, clmul, bmi1, bmi2, adx, fma, vzeroupper, clflush, clflushopt

Memory: 4k page, system-wide physical 8004M (198M free)
TotalPageFile size 32580M (AvailPageFile size 2M)
current process WorkingSet (physical memory assigned to process): 222M, peak: 228M
current process commit charge ("private bytes"): 253M, peak: 259M

vm_info: Java HotSpot(TM) 64-Bit Server VM (17.0.4+11-LTS-179) for windows-amd64 JRE (17.0.4+11-LTS-179), built on Jun 28 2022 08:23:05 by "mach5one" with MS VC++ 16.8 / 16.9 (VS2019)

END.
